<?xml version="1.0" encoding="UTF-8"?>
<testsuites name="jest tests" tests="61" failures="0" errors="0" time="50.519">
  <testsuite name="POST /api/auth/register" errors="0" failures="0" skipped="1" timestamp="2026-06-11T11:19:58" time="42.412" tests="29">
    <testcase classname="POST /api/auth/register // should create a new user successfully" name="POST /api/auth/register // should create a new user successfully" time="0.49">
    </testcase>
    <testcase classname="POST /api/auth/register // should fail when required fields are missing" name="POST /api/auth/register // should fail when required fields are missing" time="0.088">
    </testcase>
    <testcase classname="POST /api/auth/register // should fail if email already exists" name="POST /api/auth/register // should fail if email already exists" time="0.044">
    </testcase>
    <testcase classname="POST /api/auth/register // should fail if username already exists" name="POST /api/auth/register // should fail if username already exists" time="0.023">
    </testcase>
    <testcase classname="POST /api/auth/register // should reject admin role creation" name="POST /api/auth/register // should reject admin role creation" time="0.048">
    </testcase>
    <testcase classname="POST /api/auth/register // should fail if role is invalid" name="POST /api/auth/register // should fail if role is invalid" time="0.044">
    </testcase>
    <testcase classname="POST /api/auth/login // should login successfully with valid credentials" name="POST /api/auth/login // should login successfully with valid credentials" time="0.032">
    </testcase>
    <testcase classname="POST /api/auth/login // should fail with wrong password" name="POST /api/auth/login // should fail with wrong password" time="0.037">
    </testcase>
    <testcase classname="POST /api/auth/login // should fail if user does not exist" name="POST /api/auth/login // should fail if user does not exist" time="0.046">
    </testcase>
    <testcase classname="POST /api/auth/login // should fail if user account is blocked" name="POST /api/auth/login // should fail if user account is blocked" time="0.032">
    </testcase>
    <testcase classname="POST /api/auth/login // should fail if emailOrUsername or password is missing" name="POST /api/auth/login // should fail if emailOrUsername or password is missing" time="0.045">
    </testcase>
    <testcase classname="POST /api/auth/logout // should logout successfully and clear cookie" name="POST /api/auth/logout // should logout successfully and clear cookie" time="0.035">
    </testcase>
    <testcase classname="POST /api/auth/logout // should still succeed even if no cookie is present" name="POST /api/auth/logout // should still succeed even if no cookie is present" time="0.031">
    </testcase>
    <testcase classname="POST /api/auth/logout // should not crash when malformed request is sent" name="POST /api/auth/logout // should not crash when malformed request is sent" time="0.045">
    </testcase>
    <testcase classname="GET /api/auth/verify-email/:token // should verify email with a valid token" name="GET /api/auth/verify-email/:token // should verify email with a valid token" time="0.031">
    </testcase>
    <testcase classname="GET /api/auth/verify-email/:token // should fail with an invalid token" name="GET /api/auth/verify-email/:token // should fail with an invalid token" time="0.039">
    </testcase>
    <testcase classname="GET /api/auth/verify-email/:token // should fail if token is expired" name="GET /api/auth/verify-email/:token // should fail if token is expired" time="0.045">
    </testcase>
    <testcase classname="GET /api/auth/verify-email/:token // should fail if token is malformed" name="GET /api/auth/verify-email/:token // should fail if token is malformed" time="0.03">
    </testcase>
    <testcase classname="POST /api/auth/resend-verification // should resend verification email for an unverified user" name="POST /api/auth/resend-verification // should resend verification email for an unverified user" time="0.049">
    </testcase>
    <testcase classname="POST /api/auth/resend-verification // should return generic message if user is not found (security)" name="POST /api/auth/resend-verification // should return generic message if user is not found (security)" time="0.035">
    </testcase>
    <testcase classname="POST /api/auth/resend-verification // should fail if email is already verified" name="POST /api/auth/resend-verification // should fail if email is already verified" time="0.033">
    </testcase>
    <testcase classname="POST /api/auth/resend-verification // should fail if email field is missing" name="POST /api/auth/resend-verification // should fail if email field is missing" time="0.033">
    </testcase>
    <testcase classname="POST /api/auth/forgot-password // should send reset email if user exists" name="POST /api/auth/forgot-password // should send reset email if user exists" time="0.036">
    </testcase>
    <testcase classname="POST /api/auth/forgot-password // should NOT reveal if email does not exist (security)" name="POST /api/auth/forgot-password // should NOT reveal if email does not exist (security)" time="0.026">
    </testcase>
    <testcase classname="POST /api/auth/forgot-password // should fail if email is missing" name="POST /api/auth/forgot-password // should fail if email is missing" time="0.042">
    </testcase>
    <testcase classname="POST /api/auth/reset-password // should reset password with valid token" name="POST /api/auth/reset-password // should reset password with valid token" time="0.037">
    </testcase>
    <testcase classname="POST /api/auth/reset-password // should fail if password is too short" name="POST /api/auth/reset-password // should fail if password is too short" time="0.034">
    </testcase>
    <testcase classname="POST /api/auth/reset-password // should fail with invalid or expired token" name="POST /api/auth/reset-password // should fail with invalid or expired token" time="0.034">
    </testcase>
    <testcase classname="MANUAL: Resend API config smoke test via /api/auth/resend-verification // should register a temp user and trigger resend-verification against live Resend API" name="MANUAL: Resend API config smoke test via /api/auth/resend-verification // should register a temp user and trigger resend-verification against live Resend API" time="0">
      <skipped/>
    </testcase>
  </testsuite>
  <testsuite name="User Controller" errors="0" failures="0" skipped="0" timestamp="2026-06-11T11:20:40" time="2.561" tests="32">
    <testcase classname="User Controller Auth failures GET /me → 401 when protect middleware rejects" name="User Controller Auth failures GET /me → 401 when protect middleware rejects" time="0.196">
    </testcase>
    <testcase classname="User Controller Auth failures PATCH /me → 401 when protect middleware rejects" name="User Controller Auth failures PATCH /me → 401 when protect middleware rejects" time="0.056">
    </testcase>
    <testcase classname="User Controller GET /api/user/me 200 – returns public user profile" name="User Controller GET /api/user/me 200 – returns public user profile" time="0.038">
    </testcase>
    <testcase classname="User Controller GET /api/user/me 200 – queries DB with id from req.user" name="User Controller GET /api/user/me 200 – queries DB with id from req.user" time="0.037">
    </testcase>
    <testcase classname="User Controller GET /api/user/me 404 – when findById returns null (user deleted mid-session)" name="User Controller GET /api/user/me 404 – when findById returns null (user deleted mid-session)" time="0.031">
    </testcase>
    <testcase classname="User Controller GET /api/user/me 500 – on unexpected DB error" name="User Controller GET /api/user/me 500 – on unexpected DB error" time="0.102">
    </testcase>
    <testcase classname="User Controller GET /api/user/me CACHE – cacheWrapper is called with correct key and ttl on GET /me" name="User Controller GET /api/user/me CACHE – cacheWrapper is called with correct key and ttl on GET /me" time="0.038">
    </testcase>
    <testcase classname="User Controller GET /api/user/me CACHE – CacheKeys.user is called with the authenticated user id" name="User Controller GET /api/user/me CACHE – CacheKeys.user is called with the authenticated user id" time="0.038">
    </testcase>
    <testcase classname="User Controller GET /api/user/me CACHE – on cache miss, fetchFunction calls User.findById and returns toPublic result" name="User Controller GET /api/user/me CACHE – on cache miss, fetchFunction calls User.findById and returns toPublic result" time="0.03">
    </testcase>
    <testcase classname="User Controller GET /api/user/me CACHE – on cache hit, User.findById is NOT called" name="User Controller GET /api/user/me CACHE – on cache hit, User.findById is NOT called" time="0.033">
    </testcase>
    <testcase classname="User Controller GET /api/user/me CACHE – response user data matches toPublic format from fetchFunction" name="User Controller GET /api/user/me CACHE – response user data matches toPublic format from fetchFunction" time="0.04">
    </testcase>
    <testcase classname="User Controller GET /api/user/me CACHE – 404 when fetchFunction inside cacheWrapper returns null" name="User Controller GET /api/user/me CACHE – 404 when fetchFunction inside cacheWrapper returns null" time="0.022">
    </testcase>
    <testcase classname="User Controller PATCH /api/user/me 200 – updates allowed fields and returns updated profile" name="User Controller PATCH /api/user/me 200 – updates allowed fields and returns updated profile" time="0.042">
    </testcase>
    <testcase classname="User Controller PATCH /api/user/me 200 – passes { new: true, runValidators: true } to findByIdAndUpdate" name="User Controller PATCH /api/user/me 200 – passes { new: true, runValidators: true } to findByIdAndUpdate" time="0.033">
    </testcase>
    <testcase classname="User Controller PATCH /api/user/me 200 – all six allowed fields are forwarded in the update object" name="User Controller PATCH /api/user/me 200 – all six allowed fields are forwarded in the update object" time="0.026">
    </testcase>
    <testcase classname="User Controller PATCH /api/user/me 200 – strips non-whitelisted fields (role, password, __v)" name="User Controller PATCH /api/user/me 200 – strips non-whitelisted fields (role, password, __v)" time="0.111">
    </testcase>
    <testcase classname="User Controller PATCH /api/user/me 200 – empty body → update object contains no allowed fields" name="User Controller PATCH /api/user/me 200 – empty body → update object contains no allowed fields" time="0.12">
    </testcase>
    <testcase classname="User Controller PATCH /api/user/me 200 – avatar object is added to update when multer attaches a file" name="User Controller PATCH /api/user/me 200 – avatar object is added to update when multer attaches a file" time="0.032">
    </testcase>
    <testcase classname="User Controller PATCH /api/user/me 200 – old Cloudinary image is destroyed before saving new one" name="User Controller PATCH /api/user/me 200 – old Cloudinary image is destroyed before saving new one" time="0.035">
    </testcase>
    <testcase classname="User Controller PATCH /api/user/me 200 – cloudinary.destroy is NOT called when user has no prior avatar" name="User Controller PATCH /api/user/me 200 – cloudinary.destroy is NOT called when user has no prior avatar" time="0.039">
    </testcase>
    <testcase classname="User Controller PATCH /api/user/me 200 – cloudinary.destroy is NOT called when no file is in the request" name="User Controller PATCH /api/user/me 200 – cloudinary.destroy is NOT called when no file is in the request" time="0.03">
    </testcase>
    <testcase classname="User Controller PATCH /api/user/me 404 – when findById returns null" name="User Controller PATCH /api/user/me 404 – when findById returns null" time="0.033">
    </testcase>
    <testcase classname="User Controller PATCH /api/user/me 500 – on DB error from findById" name="User Controller PATCH /api/user/me 500 – on DB error from findById" time="0.034">
    </testcase>
    <testcase classname="User Controller PATCH /api/user/me 500 – on DB error from findByIdAndUpdate" name="User Controller PATCH /api/user/me 500 – on DB error from findByIdAndUpdate" time="0.034">
    </testcase>
    <testcase classname="User Controller PATCH /api/user/me 500 – on Cloudinary destroy failure (controller propagates the error)" name="User Controller PATCH /api/user/me 500 – on Cloudinary destroy failure (controller propagates the error)" time="0.033">
    </testcase>
    <testcase classname="User Controller PATCH /api/user/me CACHE – cacheDelete is called with correct key after successful updateMe" name="User Controller PATCH /api/user/me CACHE – cacheDelete is called with correct key after successful updateMe" time="0.05">
    </testcase>
    <testcase classname="User Controller PATCH /api/user/me CACHE – CacheKeys.user is called with the authenticated user id on updateMe" name="User Controller PATCH /api/user/me CACHE – CacheKeys.user is called with the authenticated user id on updateMe" time="0.033">
    </testcase>
    <testcase classname="User Controller PATCH /api/user/me CACHE – cacheDelete is called even when no fields are changed (empty body)" name="User Controller PATCH /api/user/me CACHE – cacheDelete is called even when no fields are changed (empty body)" time="0.034">
    </testcase>
    <testcase classname="User Controller PATCH /api/user/me CACHE – cacheDelete is called after avatar upload succeeds" name="User Controller PATCH /api/user/me CACHE – cacheDelete is called after avatar upload succeeds" time="0.033">
    </testcase>
    <testcase classname="User Controller PATCH /api/user/me CACHE – cacheDelete is NOT called when findById returns null (early 404)" name="User Controller PATCH /api/user/me CACHE – cacheDelete is NOT called when findById returns null (early 404)" time="0.023">
    </testcase>
    <testcase classname="User Controller PATCH /api/user/me CACHE – cacheDelete is NOT called when findByIdAndUpdate throws" name="User Controller PATCH /api/user/me CACHE – cacheDelete is NOT called when findByIdAndUpdate throws" time="0.04">
    </testcase>
    <testcase classname="User Controller PATCH /api/user/me CACHE – updateMe still returns correct updated user after cache invalidation" name="User Controller PATCH /api/user/me CACHE – updateMe still returns correct updated user after cache invalidation" time="0.035">
    </testcase>
  </testsuite>
</testsuites>